C:\USERS\YUCHENGD\DESKTOP\VER2012\VER2012\RELEASE\.NETFRAMEWORK,VERSION=V4.5.ASSEMBLYATTRIBUTES.OBJ
C:\USERS\YUCHENGD\DESKTOP\VER2012\VER2012\RELEASE\VC110.PDB
C:\USERS\YUCHENGD\DESKTOP\VER2012\VER2012\RELEASE\.NETFRAMEWORK,VERSION=V4.0.ASSEMBLYATTRIBUTES.OBJ
C:\USERS\YUCHENGD\DESKTOP\VER2012\VER2012\RELEASE\MYFORM.OBJ
C:\USERS\YUCHENGD\DESKTOP\VER2012\RELEASE\VER2012.EXE
C:\USERS\YUCHENGD\DESKTOP\VER2012\RELEASE\VER2012.PDB
C:\Users\Yuchengd\Desktop\Ver2012\Ver2012\Release\Ver2012.MyForm.resources
C:\Users\Yuchengd\Desktop\Ver2012\Ver2012\Release\Ver2012.vcxproj.GenerateResource.Cache
C:\Users\Yuchengd\Desktop\Ver2012\Ver2012\Release\Ver2012.vcxprojResolveAssemblyReference.cache
C:\Users\Yuchengd\Desktop\Ver2012\Ver2012\Release\.NETFramework,Version=v4.0.AssemblyAttributes.obj
C:\Users\Yuchengd\Desktop\Ver2012\Ver2012\Release\.NETFramework,Version=v4.5.AssemblyAttributes.obj
C:\Users\Yuchengd\Desktop\Ver2012\Ver2012\Release\MyForm.obj
C:\Users\Yuchengd\Desktop\Ver2012\Ver2012\Release\cl.command.1.tlog
C:\Users\Yuchengd\Desktop\Ver2012\Ver2012\Release\CL.read.1.tlog
C:\Users\Yuchengd\Desktop\Ver2012\Ver2012\Release\CL.write.1.tlog
C:\Users\Yuchengd\Desktop\Ver2012\Ver2012\Release\link-cvtres.read.1.tlog
C:\Users\Yuchengd\Desktop\Ver2012\Ver2012\Release\link-cvtres.write.1.tlog
C:\Users\Yuchengd\Desktop\Ver2012\Ver2012\Release\link-rc.read.1.tlog
C:\Users\Yuchengd\Desktop\Ver2012\Ver2012\Release\link-rc.write.1.tlog
C:\Users\Yuchengd\Desktop\Ver2012\Ver2012\Release\link.command.1.tlog
C:\Users\Yuchengd\Desktop\Ver2012\Ver2012\Release\link.read.1.tlog
C:\Users\Yuchengd\Desktop\Ver2012\Ver2012\Release\link.write.1.tlog
C:\Users\Yuchengd\Desktop\Ver2012\Ver2012\Release\metagen.read.1.tlog
C:\Users\Yuchengd\Desktop\Ver2012\Ver2012\Release\metagen.write.1.tlog
C:\Users\Yuchengd\Desktop\Ver2012\Ver2012\Release\Ver2012.write.1.tlog
C:\Users\Yuchengd\Desktop\Ver2012\Ver2012\Release\vc110.pdb
C:\Users\Yuchengd\Desktop\Ver2012\Ver2012\Release\TZRES.DLL.bi
C:\Users\Yuchengd\Desktop\Ver2012\Release\Ver2012.pdb
C:\Users\Yuchengd\Desktop\Ver2012\Release\Ver2012.exe
